<?xml version="1.0" encoding="UTF-8" ?>
<testsuite errors="0" failures="0" name="ExpressionTreeTests_1" tests="10" time="0.063">
  <properties>
[...]
</properties>
  <testcase classname="ExpressionTreeTests_1" name="testIsTerm" time="0.016"></testcase>
  <testcase classname="ExpressionTreeTests_1" name="testIsTermExpression" time="0.0"></testcase>
  <testcase classname="ExpressionTreeTests_1" name="testCombine1" time="0.0"></testcase>
  <testcase classname="ExpressionTreeTests_1" name="testCombine2" time="0.0"></testcase>
  <testcase classname="ExpressionTreeTests_1" name="testNumTermsTerm" time="0.0"></testcase>
  <testcase classname="ExpressionTreeTests_1" name="testNumTermsExpression" time="0.0"></testcase>
  <testcase classname="ExpressionTreeTests_1" name="testListOfTermsTerm" time="0.0"></testcase>
  <testcase classname="ExpressionTreeTests_1" name="testListOfTermsExpression" time="0.0"></testcase>
  <testcase classname="ExpressionTreeTests_1" name="testFactorByTerm" time="0.0"></testcase>
  <testcase classname="ExpressionTreeTests_1" name="testFactorByExpression" time="0.0"></testcase>
  <system-out><![CDATA[]]></system-out>
  <system-err><![CDATA[]]></system-err>
</testsuite>
